<?xml version="1.0" encoding="UTF-8"?>
<testng-results skipped="0" failed="0" ignored="0" total="2" passed="2">
  <reporter-output>
  </reporter-output>
  <suite name="Default suite" duration-ms="954" started-at="2022-04-16T23:31:36 IST" finished-at="2022-04-16T23:31:37 IST">
    <groups>
    </groups>
    <test name="Default test" duration-ms="954" started-at="2022-04-16T23:31:36 IST" finished-at="2022-04-16T23:31:37 IST">
      <class name="com.guruprasad.testNG.TestRunner">
        <test-method status="PASS" signature="login()[pri:0, instance:com.guruprasad.testNG.TestRunner@2f05be7f]" name="login" is-config="true" duration-ms="254" started-at="2022-04-16T23:31:36 IST" finished-at="2022-04-16T23:31:36 IST">
          <reporter-output>
          </reporter-output>
        </test-method> <!-- login -->
        <test-method status="PASS" signature="m1()[pri:0, instance:com.guruprasad.testNG.TestRunner@2f05be7f]" name="m1" duration-ms="12" started-at="2022-04-16T23:31:36 IST" finished-at="2022-04-16T23:31:36 IST">
          <reporter-output>
          </reporter-output>
        </test-method> <!-- m1 -->
        <test-method status="PASS" signature="m2()[pri:0, instance:com.guruprasad.testNG.TestRunner@2f05be7f]" name="m2" duration-ms="1" started-at="2022-04-16T23:31:36 IST" finished-at="2022-04-16T23:31:36 IST">
          <reporter-output>
          </reporter-output>
        </test-method> <!-- m2 -->
        <test-method status="PASS" signature="logoutFromApplication()[pri:0, instance:com.guruprasad.testNG.TestRunner@2f05be7f]" name="logoutFromApplication" is-config="true" duration-ms="637" started-at="2022-04-16T23:31:36 IST" finished-at="2022-04-16T23:31:37 IST">
          <reporter-output>
          </reporter-output>
        </test-method> <!-- logoutFromApplication -->
        <test-method status="PASS" signature="quitBrowser()[pri:0, instance:com.guruprasad.testNG.TestRunner@2f05be7f]" name="quitBrowser" is-config="true" duration-ms="664" started-at="2022-04-16T23:31:37 IST" finished-at="2022-04-16T23:31:37 IST">
          <reporter-output>
          </reporter-output>
        </test-method> <!-- quitBrowser -->
      </class> <!-- com.guruprasad.testNG.TestRunner -->
    </test> <!-- Default test -->
  </suite> <!-- Default suite -->
</testng-results>
